2025-05-25 16:02:49,624 - INFO - Bot started
2025-05-25 16:02:49,624 - ERROR - Bot crashed: Cannot close a running event loop
2025-05-25 16:02:49,768 - INFO - Database pool closed
2025-05-25 16:05:18,750 - INFO - HTTP Request: POST https://api.telegram.org/bot8073949842:AAGDyeeKXum-lVoFeoaqNWn0pwiIHvY-Sec/getMe "HTTP/1.1 200 OK"
2025-05-25 16:05:18,753 - INFO - Application started
2025-05-25 16:05:18,888 - INFO - HTTP Request: POST https://api.telegram.org/bot8073949842:AAGDyeeKXum-lVoFeoaqNWn0pwiIHvY-Sec/deleteWebhook "HTTP/1.1 200 OK"
2025-05-25 16:11:29,878 - INFO - Database tables initialized
2025-05-25 16:11:30,056 - ERROR - Bot crashed: Timeout.__init__() got an unexpected keyword argument 'connect'
2025-05-25 16:11:30,249 - INFO - Database pool closed
2025-05-25 16:12:51,824 - INFO - Database pool created successfully
2025-05-25 16:12:51,994 - INFO - Database tables initialized
2025-05-25 16:12:52,127 - ERROR - Bot crashed: Timeout.__init__() got an unexpected keyword argument 'connect'
2025-05-25 16:12:52,297 - INFO - Database pool closed
2025-05-25 16:14:14,402 - INFO - Database pool created successfully
2025-05-25 16:14:14,557 - INFO - Database tables initialized
2025-05-25 16:14:14,697 - ERROR - Bot crashed: Timeout.__init__() got an unexpected keyword argument 'connect'
2025-05-25 16:14:14,859 - INFO - Database pool closed
2025-05-25 16:18:05,665 - INFO - Database pool created successfully
2025-05-25 16:18:05,821 - INFO - Database tables initialized
2025-05-25 16:18:07,301 - INFO - HTTP Request: POST https://api.telegram.org/bot8073949842:AAGDyeeKXum-lVoFeoaqNWn0pwiIHvY-Sec/getMe "HTTP/1.1 200 OK"
2025-05-25 16:18:07,302 - INFO - Application started
2025-05-25 16:18:07,427 - INFO - HTTP Request: POST https://api.telegram.org/bot8073949842:AAGDyeeKXum-lVoFeoaqNWn0pwiIHvY-Sec/deleteWebhook "HTTP/1.1 200 OK"
2025-05-25 16:18:15,874 - INFO - HTTP Request: POST https://api.telegram.org/bot8073949842:AAGDyeeKXum-lVoFeoaqNWn0pwiIHvY-Sec/getUpdates "HTTP/1.1 200 OK"
2025-05-25 16:18:16,383 - INFO - User 5061909214 saved with lang en-uz
2025-05-25 16:18:17,383 - INFO - HTTP Request: POST https://api.telegram.org/bot8073949842:AAGDyeeKXum-lVoFeoaqNWn0pwiIHvY-Sec/sendMessage "HTTP/1.1 200 OK"
2025-05-25 16:18:17,384 - INFO - User 5061909214 started the bot
2025-05-25 16:18:26,012 - INFO - HTTP Request: POST https://api.telegram.org/bot8073949842:AAGDyeeKXum-lVoFeoaqNWn0pwiIHvY-Sec/getUpdates "HTTP/1.1 200 OK"
2025-05-25 16:18:36,203 - INFO - HTTP Request: POST https://api.telegram.org/bot8073949842:AAGDyeeKXum-lVoFeoaqNWn0pwiIHvY-Sec/getUpdates "HTTP/1.1 200 OK"
2025-05-25 16:18:46,837 - INFO - HTTP Request: POST https://api.telegram.org/bot8073949842:AAGDyeeKXum-lVoFeoaqNWn0pwiIHvY-Sec/getUpdates "HTTP/1.1 200 OK"
2025-05-25 16:18:56,965 - INFO - HTTP Request: POST https://api.telegram.org/bot8073949842:AAGDyeeKXum-lVoFeoaqNWn0pwiIHvY-Sec/getUpdates "HTTP/1.1 200 OK"
2025-05-25 16:19:07,301 - INFO - HTTP Request: POST https://api.telegram.org/bot8073949842:AAGDyeeKXum-lVoFeoaqNWn0pwiIHvY-Sec/getUpdates "HTTP/1.1 200 OK"
2025-05-25 16:19:17,547 - INFO - HTTP Request: POST https://api.telegram.org/bot8073949842:AAGDyeeKXum-lVoFeoaqNWn0pwiIHvY-Sec/getUpdates "HTTP/1.1 200 OK"
2025-05-25 16:19:27,780 - INFO - HTTP Request: POST https://api.telegram.org/bot8073949842:AAGDyeeKXum-lVoFeoaqNWn0pwiIHvY-Sec/getUpdates "HTTP/1.1 200 OK"
2025-05-25 16:19:38,020 - INFO - HTTP Request: POST https://api.telegram.org/bot8073949842:AAGDyeeKXum-lVoFeoaqNWn0pwiIHvY-Sec/getUpdates "HTTP/1.1 200 OK"
2025-05-25 16:19:48,168 - INFO - HTTP Request: POST https://api.telegram.org/bot8073949842:AAGDyeeKXum-lVoFeoaqNWn0pwiIHvY-Sec/getUpdates "HTTP/1.1 200 OK"
2025-05-25 16:19:58,499 - INFO - HTTP Request: POST https://api.telegram.org/bot8073949842:AAGDyeeKXum-lVoFeoaqNWn0pwiIHvY-Sec/getUpdates "HTTP/1.1 200 OK"
2025-05-25 16:20:08,743 - INFO - HTTP Request: POST https://api.telegram.org/bot8073949842:AAGDyeeKXum-lVoFeoaqNWn0pwiIHvY-Sec/getUpdates "HTTP/1.1 200 OK"
2025-05-25 16:20:18,975 - INFO - HTTP Request: POST https://api.telegram.org/bot8073949842:AAGDyeeKXum-lVoFeoaqNWn0pwiIHvY-Sec/getUpdates "HTTP/1.1 200 OK"
2025-05-25 16:20:29,108 - INFO - HTTP Request: POST https://api.telegram.org/bot8073949842:AAGDyeeKXum-lVoFeoaqNWn0pwiIHvY-Sec/getUpdates "HTTP/1.1 200 OK"
2025-05-25 16:20:39,238 - INFO - HTTP Request: POST https://api.telegram.org/bot8073949842:AAGDyeeKXum-lVoFeoaqNWn0pwiIHvY-Sec/getUpdates "HTTP/1.1 200 OK"
2025-05-25 16:20:49,686 - INFO - HTTP Request: POST https://api.telegram.org/bot8073949842:AAGDyeeKXum-lVoFeoaqNWn0pwiIHvY-Sec/getUpdates "HTTP/1.1 200 OK"
2025-05-25 16:20:59,841 - INFO - HTTP Request: POST https://api.telegram.org/bot8073949842:AAGDyeeKXum-lVoFeoaqNWn0pwiIHvY-Sec/getUpdates "HTTP/1.1 200 OK"
2025-05-25 16:21:10,178 - INFO - HTTP Request: POST https://api.telegram.org/bot8073949842:AAGDyeeKXum-lVoFeoaqNWn0pwiIHvY-Sec/getUpdates "HTTP/1.1 200 OK"
2025-05-25 16:21:20,415 - INFO - HTTP Request: POST https://api.telegram.org/bot8073949842:AAGDyeeKXum-lVoFeoaqNWn0pwiIHvY-Sec/getUpdates "HTTP/1.1 200 OK"
2025-05-25 16:21:30,669 - INFO - HTTP Request: POST https://api.telegram.org/bot8073949842:AAGDyeeKXum-lVoFeoaqNWn0pwiIHvY-Sec/getUpdates "HTTP/1.1 200 OK"
2025-05-25 16:21:40,890 - INFO - HTTP Request: POST https://api.telegram.org/bot8073949842:AAGDyeeKXum-lVoFeoaqNWn0pwiIHvY-Sec/getUpdates "HTTP/1.1 200 OK"
2025-05-25 16:21:51,104 - INFO - HTTP Request: POST https://api.telegram.org/bot8073949842:AAGDyeeKXum-lVoFeoaqNWn0pwiIHvY-Sec/getUpdates "HTTP/1.1 200 OK"
2025-05-25 16:22:01,339 - INFO - HTTP Request: POST https://api.telegram.org/bot8073949842:AAGDyeeKXum-lVoFeoaqNWn0pwiIHvY-Sec/getUpdates "HTTP/1.1 200 OK"
2025-05-25 16:22:11,463 - INFO - HTTP Request: POST https://api.telegram.org/bot8073949842:AAGDyeeKXum-lVoFeoaqNWn0pwiIHvY-Sec/getUpdates "HTTP/1.1 200 OK"
2025-05-25 16:22:21,853 - INFO - HTTP Request: POST https://api.telegram.org/bot8073949842:AAGDyeeKXum-lVoFeoaqNWn0pwiIHvY-Sec/getUpdates "HTTP/1.1 200 OK"
2025-05-25 16:22:32,100 - INFO - HTTP Request: POST https://api.telegram.org/bot8073949842:AAGDyeeKXum-lVoFeoaqNWn0pwiIHvY-Sec/getUpdates "HTTP/1.1 200 OK"
2025-05-25 16:22:42,351 - INFO - HTTP Request: POST https://api.telegram.org/bot8073949842:AAGDyeeKXum-lVoFeoaqNWn0pwiIHvY-Sec/getUpdates "HTTP/1.1 200 OK"
2025-05-25 16:22:52,546 - INFO - HTTP Request: POST https://api.telegram.org/bot8073949842:AAGDyeeKXum-lVoFeoaqNWn0pwiIHvY-Sec/getUpdates "HTTP/1.1 200 OK"
2025-05-25 16:23:03,017 - INFO - HTTP Request: POST https://api.telegram.org/bot8073949842:AAGDyeeKXum-lVoFeoaqNWn0pwiIHvY-Sec/getUpdates "HTTP/1.1 200 OK"
2025-05-25 16:23:13,146 - INFO - Database pool created successfully
2025-05-25 16:23:13,271 - INFO - Database tables initialized
2025-05-25 16:23:14,148 - INFO - HTTP Request: POST https://api.telegram.org/bot8073949842:AAGDyeeKXum-lVoFeoaqNWn0pwiIHvY-Sec/getMe "HTTP/1.1 200 OK"
2025-05-25 16:23:14,149 - INFO - Application started
2025-05-25 16:23:14,285 - INFO - HTTP Request: POST https://api.telegram.org/bot8073949842:AAGDyeeKXum-lVoFeoaqNWn0pwiIHvY-Sec/deleteWebhook "HTTP/1.1 200 OK"
2025-05-25 16:23:16,852 - INFO - HTTP Request: POST https://api.telegram.org/bot8073949842:AAGDyeeKXum-lVoFeoaqNWn0pwiIHvY-Sec/getUpdates "HTTP/1.1 200 OK"
2025-05-25 16:23:17,094 - INFO - User 5061909214 saved with lang en-uz
2025-05-25 16:23:17,472 - INFO - HTTP Request: POST https://api.telegram.org/bot8073949842:AAGDyeeKXum-lVoFeoaqNWn0pwiIHvY-Sec/sendMessage "HTTP/1.1 200 OK"
2025-05-25 16:23:17,474 - INFO - User 5061909214 started the bot
2025-05-25 16:23:27,138 - INFO - HTTP Request: POST https://api.telegram.org/bot8073949842:AAGDyeeKXum-lVoFeoaqNWn0pwiIHvY-Sec/getUpdates "HTTP/1.1 200 OK"
2025-05-25 16:23:29,445 - INFO - HTTP Request: POST https://api.telegram.org/bot8073949842:AAGDyeeKXum-lVoFeoaqNWn0pwiIHvY-Sec/getUpdates "HTTP/1.1 200 OK"
2025-05-25 16:23:30,224 - INFO - HTTP Request: POST https://api.telegram.org/bot8073949842:AAGDyeeKXum-lVoFeoaqNWn0pwiIHvY-Sec/sendMessage "HTTP/1.1 200 OK"
2025-05-25 16:23:30,225 - INFO - User 5061909214 has no translation history
2025-05-25 16:23:32,549 - INFO - HTTP Request: POST https://api.telegram.org/bot8073949842:AAGDyeeKXum-lVoFeoaqNWn0pwiIHvY-Sec/getUpdates "HTTP/1.1 200 OK"
2025-05-25 16:23:33,187 - INFO - HTTP Request: POST https://api.telegram.org/bot8073949842:AAGDyeeKXum-lVoFeoaqNWn0pwiIHvY-Sec/sendMessage "HTTP/1.1 200 OK"
2025-05-25 16:23:33,188 - INFO - User 5061909214 requested help
2025-05-25 16:23:37,668 - INFO - HTTP Request: POST https://api.telegram.org/bot8073949842:AAGDyeeKXum-lVoFeoaqNWn0pwiIHvY-Sec/getUpdates "HTTP/1.1 200 OK"
2025-05-25 16:23:38,322 - INFO - HTTP Request: POST https://api.telegram.org/bot8073949842:AAGDyeeKXum-lVoFeoaqNWn0pwiIHvY-Sec/sendMessage "HTTP/1.1 200 OK"
2025-05-25 16:23:38,323 - INFO - User 5061909214 requested their ID
2025-05-25 16:23:44,401 - INFO - HTTP Request: POST https://api.telegram.org/bot8073949842:AAGDyeeKXum-lVoFeoaqNWn0pwiIHvY-Sec/getUpdates "HTTP/1.1 200 OK"
2025-05-25 16:23:46,949 - INFO - HTTP Request: POST https://api.telegram.org/bot8073949842:AAGDyeeKXum-lVoFeoaqNWn0pwiIHvY-Sec/sendMessage "HTTP/1.1 200 OK"
2025-05-25 16:23:46,950 - INFO - Admin 5061909214 requested users list
2025-05-25 16:23:54,950 - INFO - HTTP Request: POST https://api.telegram.org/bot8073949842:AAGDyeeKXum-lVoFeoaqNWn0pwiIHvY-Sec/getUpdates "HTTP/1.1 200 OK"
2025-05-25 16:23:55,244 - INFO - HTTP Request: POST https://api.telegram.org/bot8073949842:AAGDyeeKXum-lVoFeoaqNWn0pwiIHvY-Sec/getUpdates "HTTP/1.1 200 OK"
2025-05-25 16:23:57,193 - INFO - HTTP Request: POST https://api.telegram.org/bot8073949842:AAGDyeeKXum-lVoFeoaqNWn0pwiIHvY-Sec/sendMessage "HTTP/1.1 200 OK"
2025-05-25 16:23:57,194 - INFO - Admin 5061909214 requested stats
2025-05-25 16:24:08,719 - INFO - HTTP Request: POST https://api.telegram.org/bot8073949842:AAGDyeeKXum-lVoFeoaqNWn0pwiIHvY-Sec/getUpdates "HTTP/1.1 200 OK"
2025-05-25 16:24:21,528 - INFO - HTTP Request: POST https://api.telegram.org/bot8073949842:AAGDyeeKXum-lVoFeoaqNWn0pwiIHvY-Sec/getUpdates "HTTP/1.1 200 OK"
